2025-04-23 08:45:30 INFO  TC_01_SearchWebDev:86 - *** Website Started ***
2025-04-23 08:45:30 INFO  TC_01_SearchWebDev:23 - Test case TC_01_SearchWebCourse started
2025-04-23 08:45:32 INFO  TC_02_LanguageLearning:86 - *** Website Started ***
2025-04-23 08:45:32 INFO  TC_02_LanguageLearning:17 - *** Test TC_02_LanguageLearning started ***
2025-04-23 08:45:33 INFO  TC_02_LanguageLearning:27 - Search Language Learning
2025-04-23 08:45:34 INFO  TC_01_SearchWebDev:39 - **Course Search started**
2025-04-23 08:45:36 INFO  TC_03_ReadyToTransform:86 - *** Website Started ***
2025-04-23 08:45:36 INFO  TC_03_ReadyToTransform:17 - *** Test TC_03_ReadyToTransform started ***
2025-04-23 08:45:37 INFO  TC_03_ReadyToTransform:27 - Going to On Campus page
2025-04-23 08:45:44 INFO  TC_02_LanguageLearning:37 - Displaying all the languages available
2025-04-23 08:45:44 INFO  TC_01_SearchWebDev:50 - Checking the English Check box
2025-04-23 08:45:45 INFO  TC_01_SearchWebDev:62 - Checking the Beginner Check box
2025-04-23 08:45:49 INFO  TC_02_LanguageLearning:47 - Displaying all the Levels available
2025-04-23 08:45:49 INFO  TC_02_LanguageLearning:53 - *** Test TC_02_LanguageLearning Passed ***
2025-04-23 08:45:50 INFO  TC_01_SearchWebDev:74 - Displaying course names
2025-04-23 08:45:52 INFO  TC_03_ReadyToTransform:37 - Going to form, filling details, displaying error message
2025-04-23 08:45:53 INFO  TC_01_SearchWebDev:87 - Displaying course Ratings
2025-04-23 08:45:53 INFO  TC_01_SearchWebDev:99 - Displaying course Duration
2025-04-23 08:45:53 INFO  TC_01_SearchWebDev:111 - Go back to Home page
2025-04-23 08:45:59 INFO  TC_01_SearchWebDev:120 - * Test case TC_01_SearchWebCourse Passed *
2025-04-23 08:46:00 INFO  TC_03_ReadyToTransform:40 - *** Test TC_03_ReadyToTransform failed ***
2025-04-23 08:46:00 INFO  TC_03_ReadyToTransform:43 - *** Test TC_03_ReadyToTransform passed ***
2025-04-23 08:46:05 INFO  TC_02_LanguageLearning:95 - *** Website Closed and test ended ***
2025-04-23 08:46:08 INFO  TC_03_ReadyToTransform:95 - *** Website Closed and test ended ***
2025-04-23 08:46:08 INFO  TC_01_SearchWebDev:95 - *** Website Closed and test ended ***
